<?xml version="1.0" encoding="UTF-8"?>
<!-- Generated by org.testng.reporters.JUnitReportReporter -->
<testsuite skipped="11" hostname="DESKTOP-IC54V12" name="javaprograms.Programs_Streams_Series2" tests="12" failures="0" timestamp="2022-04-26T13:01:05 CDT" time="0.013" errors="0">
  <testcase name="joinTwoArray" time="0.013" classname="javaprograms.Programs_Streams_Series2"/>
  <testcase name="findUniqueNumbers" classname="javaprograms.Programs_Streams_Series2">
    <skipped/>
  </testcase> <!-- findUniqueNumbers -->
  <testcase name="find2ndHighest" classname="javaprograms.Programs_Streams_Series2">
    <skipped/>
  </testcase> <!-- find2ndHighest -->
  <testcase name="limit_skip_example" classname="javaprograms.Programs_Streams_Series2">
    <skipped/>
  </testcase> <!-- limit_skip_example -->
  <testcase name="sortNumbers_Ascending_Descending" classname="javaprograms.Programs_Streams_Series2">
    <skipped/>
  </testcase> <!-- sortNumbers_Ascending_Descending -->
  <testcase name="find2ndLowest" classname="javaprograms.Programs_Streams_Series2">
    <skipped/>
  </testcase> <!-- find2ndLowest -->
  <testcase name="findDuplicateNumbers" classname="javaprograms.Programs_Streams_Series2">
    <skipped/>
  </testcase> <!-- findDuplicateNumbers -->
  <testcase name="concatenatingTwoStreamsArrayList" classname="javaprograms.Programs_Streams_Series2">
    <skipped/>
  </testcase> <!-- concatenatingTwoStreamsArrayList -->
  <testcase name="findMaxAndMinNumber" classname="javaprograms.Programs_Streams_Series2">
    <skipped/>
  </testcase> <!-- findMaxAndMinNumber -->
  <testcase name="findFirst2LowestNumbsres" classname="javaprograms.Programs_Streams_Series2">
    <skipped/>
  </testcase> <!-- findFirst2LowestNumbsres -->
  <testcase name="getDistinctElements_removeDuplicates" classname="javaprograms.Programs_Streams_Series2">
    <skipped/>
  </testcase> <!-- getDistinctElements_removeDuplicates -->
  <testcase name="findFirst2HighestNumbsres" classname="javaprograms.Programs_Streams_Series2">
    <skipped/>
  </testcase> <!-- findFirst2HighestNumbsres -->
</testsuite> <!-- javaprograms.Programs_Streams_Series2 -->
