<?xml version="1.0" encoding="UTF-8"?>
<!-- Generated by org.testng.reporters.JUnitReportReporter -->
<testsuite skipped="6" hostname="DESKTOP-IC54V12" name="javaprograms.Programs_2" tests="7" failures="0" timestamp="2022-01-17T15:07:17 CST" time="0.016" errors="0">
  <testcase name="sortArrayInAscendingOrder_SelectionSort" time="0.016" classname="javaprograms.Programs_2"/>
  <testcase name="sortArrayInAscendingOrder_BubbleSort" classname="javaprograms.Programs_2">
    <skipped/>
  </testcase> <!-- sortArrayInAscendingOrder_BubbleSort -->
  <testcase name="LinearSearch" classname="javaprograms.Programs_2">
    <skipped/>
  </testcase> <!-- LinearSearch -->
  <testcase name="sortStringsInAscendingOrder_BubbleSort" classname="javaprograms.Programs_2">
    <skipped/>
  </testcase> <!-- sortStringsInAscendingOrder_BubbleSort -->
  <testcase name="LinearSearch_searchNthOccurance" classname="javaprograms.Programs_2">
    <skipped/>
  </testcase> <!-- LinearSearch_searchNthOccurance -->
  <testcase name="sortArrayInDescendingOrder_BubbleSort" classname="javaprograms.Programs_2">
    <skipped/>
  </testcase> <!-- sortArrayInDescendingOrder_BubbleSort -->
  <testcase name="sortStringsInDescendingOrder_BubbleSort" classname="javaprograms.Programs_2">
    <skipped/>
  </testcase> <!-- sortStringsInDescendingOrder_BubbleSort -->
</testsuite> <!-- javaprograms.Programs_2 -->
