<?xml version="1.0" encoding="UTF-8"?>
<!-- Generated by org.testng.reporters.JUnitReportReporter -->
<testsuite skipped="22" hostname="DESKTOP-IC54V12" name="collectionsframework.Programs_Collections" tests="23" failures="0" timestamp="2022-09-11T14:33:40 CDT" time="0.021" errors="0">
  <testcase name="DuplicateCharactersTest" time="0.021" classname="collectionsframework.Programs_Collections"/>
  <testcase name="compareTwoListAndFindAdditionalInList1" classname="collectionsframework.Programs_Collections">
    <skipped/>
  </testcase> <!-- compareTwoListAndFindAdditionalInList1 -->
  <testcase name="duplicateWordsElementTest" classname="collectionsframework.Programs_Collections">
    <skipped/>
  </testcase> <!-- duplicateWordsElementTest -->
  <testcase name="ArrayList_Basic_Iterate_MutlipleWays" classname="collectionsframework.Programs_Collections">
    <skipped/>
  </testcase> <!-- ArrayList_Basic_Iterate_MutlipleWays -->
  <testcase name="compareTwoListAndFindCommonInbothList" classname="collectionsframework.Programs_Collections">
    <skipped/>
  </testcase> <!-- compareTwoListAndFindCommonInbothList -->
  <testcase name="findWordHavingHighestCountTest" classname="collectionsframework.Programs_Collections">
    <skipped/>
  </testcase> <!-- findWordHavingHighestCountTest -->
  <testcase name="removeDuplicateWordTest" classname="collectionsframework.Programs_Collections">
    <skipped/>
  </testcase> <!-- removeDuplicateWordTest -->
  <testcase name="HashMap_Basic_Iterate_keyset_entryset_Lambda" classname="collectionsframework.Programs_Collections">
    <skipped/>
  </testcase> <!-- HashMap_Basic_Iterate_keyset_entryset_Lambda -->
  <testcase name="UniqueWordsElementTest" classname="collectionsframework.Programs_Collections">
    <skipped/>
  </testcase> <!-- UniqueWordsElementTest -->
  <testcase name="countEachCharactersInString_countDuplicate_countUnique_HashMap" classname="collectionsframework.Programs_Collections">
    <skipped/>
  </testcase> <!-- countEachCharactersInString_countDuplicate_countUnique_HashMap -->
  <testcase name="AllCharactersTest" classname="collectionsframework.Programs_Collections">
    <skipped/>
  </testcase> <!-- AllCharactersTest -->
  <testcase name="UniqueCharactersTest" classname="collectionsframework.Programs_Collections">
    <skipped/>
  </testcase> <!-- UniqueCharactersTest -->
  <testcase name="convertArrayToArrayList_ArryListToArray_ArraysasList_addAll_Stream" classname="collectionsframework.Programs_Collections">
    <skipped/>
  </testcase> <!-- convertArrayToArrayList_ArryListToArray_ArraysasList_addAll_Stream -->
  <testcase name="compareHashMap" classname="collectionsframework.Programs_Collections">
    <skipped/>
  </testcase> <!-- compareHashMap -->
  <testcase name="countAllWordsElementTest" classname="collectionsframework.Programs_Collections">
    <skipped/>
  </testcase> <!-- countAllWordsElementTest -->
  <testcase name="removeDuplicatesFromArray_HashSet_Arraylist_Streams" classname="collectionsframework.Programs_Collections">
    <skipped/>
  </testcase> <!-- removeDuplicatesFromArray_HashSet_Arraylist_Streams -->
  <testcase name="countOfAllDigitTest" classname="collectionsframework.Programs_Collections">
    <skipped/>
  </testcase> <!-- countOfAllDigitTest -->
  <testcase name="sublist_clone_ArrayList" classname="collectionsframework.Programs_Collections">
    <skipped/>
  </testcase> <!-- sublist_clone_ArrayList -->
  <testcase name="compareArrayList" classname="collectionsframework.Programs_Collections">
    <skipped/>
  </testcase> <!-- compareArrayList -->
  <testcase name="compareTwoListAndFindMissingInList1" classname="collectionsframework.Programs_Collections">
    <skipped/>
  </testcase> <!-- compareTwoListAndFindMissingInList1 -->
  <testcase name="sort_ArrayList_Ascending_Descending" classname="collectionsframework.Programs_Collections">
    <skipped/>
  </testcase> <!-- sort_ArrayList_Ascending_Descending -->
  <testcase name="removeEvenNumbersFromList_ArrayList_Lambda" classname="collectionsframework.Programs_Collections">
    <skipped/>
  </testcase> <!-- removeEvenNumbersFromList_ArrayList_Lambda -->
  <testcase name="convertHashMapToArrayList" classname="collectionsframework.Programs_Collections">
    <skipped/>
  </testcase> <!-- convertHashMapToArrayList -->
</testsuite> <!-- collectionsframework.Programs_Collections -->
