<?xml version="1.0" encoding="UTF-8"?>
<!-- Generated by org.testng.reporters.JUnitReportReporter -->
<testsuite skipped="23" hostname="DESKTOP-IC54V12" name="javaprograms.Programs_1" tests="24" failures="0" timestamp="2022-04-16T00:22:45 CDT" time="0.024" errors="0">
  <testcase name="removejunkOrSpecialCharacter" time="0.024" classname="javaprograms.Programs_1"/>
  <testcase name="FactorialTest" classname="javaprograms.Programs_1">
    <skipped/>
  </testcase> <!-- FactorialTest -->
  <testcase name="findUniqueCharacterInString" classname="javaprograms.Programs_1">
    <skipped/>
  </testcase> <!-- findUniqueCharacterInString -->
  <testcase name="convertChartoString" classname="javaprograms.Programs_1">
    <skipped/>
  </testcase> <!-- convertChartoString -->
  <testcase name="checkPrimeNumber" classname="javaprograms.Programs_1">
    <skipped/>
  </testcase> <!-- checkPrimeNumber -->
  <testcase name="PalindromeNumberTest" classname="javaprograms.Programs_1">
    <skipped/>
  </testcase> <!-- PalindromeNumberTest -->
  <testcase name="ReverseStringTest" classname="javaprograms.Programs_1">
    <skipped/>
  </testcase> <!-- ReverseStringTest -->
  <testcase name="FibonacciSeries" classname="javaprograms.Programs_1">
    <skipped/>
  </testcase> <!-- FibonacciSeries -->
  <testcase name="printPrimeNumbers_1stN" classname="javaprograms.Programs_1">
    <skipped/>
  </testcase> <!-- printPrimeNumbers_1stN -->
  <testcase name="swapWithoutTempVariable" classname="javaprograms.Programs_1">
    <skipped/>
  </testcase> <!-- swapWithoutTempVariable -->
  <testcase name="printPrimeNumbers" classname="javaprograms.Programs_1">
    <skipped/>
  </testcase> <!-- printPrimeNumbers -->
  <testcase name="PalindromeStringTest" classname="javaprograms.Programs_1">
    <skipped/>
  </testcase> <!-- PalindromeStringTest -->
  <testcase name="printNumbersWithoutUsingNumbersInCode" classname="javaprograms.Programs_1">
    <skipped/>
  </testcase> <!-- printNumbersWithoutUsingNumbersInCode -->
  <testcase name="findLargestAndSmallest" classname="javaprograms.Programs_1">
    <skipped/>
  </testcase> <!-- findLargestAndSmallest -->
  <testcase name="printNumbersWithoutUsingLoops_Recursion_StreamAndLambda" classname="javaprograms.Programs_1">
    <skipped/>
  </testcase> <!-- printNumbersWithoutUsingLoops_Recursion_StreamAndLambda -->
  <testcase name="convertStringToCharArray" classname="javaprograms.Programs_1">
    <skipped/>
  </testcase> <!-- convertStringToCharArray -->
  <testcase name="convertNumbserIntoDigit" classname="javaprograms.Programs_1">
    <skipped/>
  </testcase> <!-- convertNumbserIntoDigit -->
  <testcase name="printHelloWorldWithoutUsingSemicolon" classname="javaprograms.Programs_1">
    <skipped/>
  </testcase> <!-- printHelloWorldWithoutUsingSemicolon -->
  <testcase name="findDuplicateCharacterInString" classname="javaprograms.Programs_1">
    <skipped/>
  </testcase> <!-- findDuplicateCharacterInString -->
  <testcase name="ArmstrongNumberTest" classname="javaprograms.Programs_1">
    <skipped/>
  </testcase> <!-- ArmstrongNumberTest -->
  <testcase name="reverseArray" classname="javaprograms.Programs_1">
    <skipped/>
  </testcase> <!-- reverseArray -->
  <testcase name="checkLeapYear" classname="javaprograms.Programs_1">
    <skipped/>
  </testcase> <!-- checkLeapYear -->
  <testcase name="ReverseNumberTest" classname="javaprograms.Programs_1">
    <skipped/>
  </testcase> <!-- ReverseNumberTest -->
  <testcase name="countEachCharactersInString" classname="javaprograms.Programs_1">
    <skipped/>
  </testcase> <!-- countEachCharactersInString -->
</testsuite> <!-- javaprograms.Programs_1 -->
