<?xml version="1.0" encoding="UTF-8"?>
<!-- Generated by org.testng.reporters.JUnitReportReporter -->
<testsuite skipped="7" hostname="DESKTOP-IC54V12" name="streams_java8Feature.Programs_Streams_Series4" tests="8" failures="0" timestamp="2022-04-28T14:59:16 CDT" time="0.013" errors="0">
  <testcase name="find10OddNumbers_iterate" time="0.013" classname="streams_java8Feature.Programs_Streams_Series4"/>
  <testcase name="sequentialStreams_ifPresent" classname="streams_java8Feature.Programs_Streams_Series4">
    <skipped/>
  </testcase> <!-- sequentialStreams_ifPresent -->
  <testcase name="GetIntegerfromDoubleAndConcatenateWithStr_mapToInt_mapToObj" classname="streams_java8Feature.Programs_Streams_Series4">
    <skipped/>
  </testcase> <!-- GetIntegerfromDoubleAndConcatenateWithStr_mapToInt_mapToObj -->
  <testcase name="GetIntegerfromString_useSubString" classname="streams_java8Feature.Programs_Streams_Series4">
    <skipped/>
  </testcase> <!-- GetIntegerfromString_useSubString -->
  <testcase name="GetIntegerfromDoubleAndAdd2_mapToInt_map" classname="streams_java8Feature.Programs_Streams_Series4">
    <skipped/>
  </testcase> <!-- GetIntegerfromDoubleAndAdd2_mapToInt_map -->
  <testcase name="sequentialStreams" classname="streams_java8Feature.Programs_Streams_Series4">
    <skipped/>
  </testcase> <!-- sequentialStreams -->
  <testcase name="printRange1To10_intStream" classname="streams_java8Feature.Programs_Streams_Series4">
    <skipped/>
  </testcase> <!-- printRange1To10_intStream -->
  <testcase name="iterateStream" classname="streams_java8Feature.Programs_Streams_Series4">
    <skipped/>
  </testcase> <!-- iterateStream -->
</testsuite> <!-- streams_java8Feature.Programs_Streams_Series4 -->
