<?xml version="1.0" encoding="UTF-8"?>
<!-- Generated by org.testng.reporters.JUnitReportReporter -->
<testsuite skipped="7" hostname="DESKTOP-IC54V12" name="javaprograms.Programs_SortSearch_DS" tests="8" failures="0" timestamp="2022-05-04T01:05:11 CDT" time="0.015" errors="0">
  <testcase name="BinarySearch" time="0.015" classname="javaprograms.Programs_SortSearch_DS"/>
  <testcase name="LinearSearch" classname="javaprograms.Programs_SortSearch_DS">
    <skipped/>
  </testcase> <!-- LinearSearch -->
  <testcase name="sortArrayInAscendingOrder_BubbleSort" classname="javaprograms.Programs_SortSearch_DS">
    <skipped/>
  </testcase> <!-- sortArrayInAscendingOrder_BubbleSort -->
  <testcase name="LinearSearch_searchNthOccurance" classname="javaprograms.Programs_SortSearch_DS">
    <skipped/>
  </testcase> <!-- LinearSearch_searchNthOccurance -->
  <testcase name="SelectionSort_sortArrayInAscendingOrder" classname="javaprograms.Programs_SortSearch_DS">
    <skipped/>
  </testcase> <!-- SelectionSort_sortArrayInAscendingOrder -->
  <testcase name="sortStringsInDescendingOrder_BubbleSort" classname="javaprograms.Programs_SortSearch_DS">
    <skipped/>
  </testcase> <!-- sortStringsInDescendingOrder_BubbleSort -->
  <testcase name="sortArrayInDescendingOrder_BubbleSort" classname="javaprograms.Programs_SortSearch_DS">
    <skipped/>
  </testcase> <!-- sortArrayInDescendingOrder_BubbleSort -->
  <testcase name="sortStringsInAscendingOrder_BubbleSort" classname="javaprograms.Programs_SortSearch_DS">
    <skipped/>
  </testcase> <!-- sortStringsInAscendingOrder_BubbleSort -->
</testsuite> <!-- javaprograms.Programs_SortSearch_DS -->
