<?xml version="1.0" encoding="UTF-8"?>
<!-- Generated by org.testng.reporters.JUnitReportReporter -->
<testsuite skipped="11" hostname="DESKTOP-IC54V12" name="javaprograms.Programs_Series3" tests="12" failures="0" timestamp="2022-04-24T15:39:29 CDT" time="0.011" errors="0">
  <testcase name="findSubtringInOriginalString" time="0.011" classname="javaprograms.Programs_Series3"/>
  <testcase name="joinTwoArray" classname="javaprograms.Programs_Series3">
    <skipped/>
  </testcase> <!-- joinTwoArray -->
  <testcase name="averageArray" classname="javaprograms.Programs_Series3">
    <skipped/>
  </testcase> <!-- averageArray -->
  <testcase name="convertStringToCharArray" classname="javaprograms.Programs_Series3">
    <skipped/>
  </testcase> <!-- convertStringToCharArray -->
  <testcase name="findDuplicateCharacterInString" classname="javaprograms.Programs_Series3">
    <skipped/>
  </testcase> <!-- findDuplicateCharacterInString -->
  <testcase name="findUniqueCharacterInString" classname="javaprograms.Programs_Series3">
    <skipped/>
  </testcase> <!-- findUniqueCharacterInString -->
  <testcase name="FindLargest2NumberTest" classname="javaprograms.Programs_Series3">
    <skipped/>
  </testcase> <!-- FindLargest2NumberTest -->
  <testcase name="missingNumberFromSequenceInArray" classname="javaprograms.Programs_Series3">
    <skipped/>
  </testcase> <!-- missingNumberFromSequenceInArray -->
  <testcase name="convertCharArraytoString" classname="javaprograms.Programs_Series3">
    <skipped/>
  </testcase> <!-- convertCharArraytoString -->
  <testcase name="reverseArray" classname="javaprograms.Programs_Series3">
    <skipped/>
  </testcase> <!-- reverseArray -->
  <testcase name="countOfWordFromCapitalizedString" classname="javaprograms.Programs_Series3">
    <skipped/>
  </testcase> <!-- countOfWordFromCapitalizedString -->
  <testcase name="findLargestAndSmallest" classname="javaprograms.Programs_Series3">
    <skipped/>
  </testcase> <!-- findLargestAndSmallest -->
</testsuite> <!-- javaprograms.Programs_Series3 -->
