<?xml version="1.0" encoding="UTF-8"?>
<!-- Generated by org.testng.reporters.JUnitReportReporter -->
<testsuite skipped="15" hostname="DESKTOP-IC54V12" name="basicprograms.BasicPrograms" tests="16" failures="0" timestamp="2022-01-16T12:31:20 CST" time="0.000" errors="0">
  <testcase name="findDuplicateCharacterInString" time="0.000" classname="basicprograms.BasicPrograms"/>
  <testcase name="findLargestAndSmallest" classname="basicprograms.BasicPrograms">
    <skipped/>
  </testcase> <!-- findLargestAndSmallest -->
  <testcase name="LinearSearch" classname="basicprograms.BasicPrograms">
    <skipped/>
  </testcase> <!-- LinearSearch -->
  <testcase name="Palindrome_UsingRecursionMethod" classname="basicprograms.BasicPrograms">
    <skipped/>
  </testcase> <!-- Palindrome_UsingRecursionMethod -->
  <testcase name="printPrimeNumbers_1stN" classname="basicprograms.BasicPrograms">
    <skipped/>
  </testcase> <!-- printPrimeNumbers_1stN -->
  <testcase name="checkLeapYear" classname="basicprograms.BasicPrograms">
    <skipped/>
  </testcase> <!-- checkLeapYear -->
  <testcase name="Factorial" classname="basicprograms.BasicPrograms">
    <skipped/>
  </testcase> <!-- Factorial -->
  <testcase name="ReverseString" classname="basicprograms.BasicPrograms">
    <skipped/>
  </testcase> <!-- ReverseString -->
  <testcase name="checkPrimeNumber" classname="basicprograms.BasicPrograms">
    <skipped/>
  </testcase> <!-- checkPrimeNumber -->
  <testcase name="reverseStringAndComparewithOriginal_Palindrome" classname="basicprograms.BasicPrograms">
    <skipped/>
  </testcase> <!-- reverseStringAndComparewithOriginal_Palindrome -->
  <testcase name="PalindromeString" classname="basicprograms.BasicPrograms">
    <skipped/>
  </testcase> <!-- PalindromeString -->
  <testcase name="LinearSearch2" classname="basicprograms.BasicPrograms">
    <skipped/>
  </testcase> <!-- LinearSearch2 -->
  <testcase name="printPrimeNumbers" classname="basicprograms.BasicPrograms">
    <skipped/>
  </testcase> <!-- printPrimeNumbers -->
  <testcase name="FibonacciSeries" classname="basicprograms.BasicPrograms">
    <skipped/>
  </testcase> <!-- FibonacciSeries -->
  <testcase name="swapWithoutTempVariable" classname="basicprograms.BasicPrograms">
    <skipped/>
  </testcase> <!-- swapWithoutTempVariable -->
  <testcase name="ReverseNumber" classname="basicprograms.BasicPrograms">
    <skipped/>
  </testcase> <!-- ReverseNumber -->
</testsuite> <!-- basicprograms.BasicPrograms -->
