<?xml version="1.0" encoding="UTF-8"?>
<!-- Generated by org.testng.reporters.JUnitReportReporter -->
<testsuite skipped="10" hostname="DESKTOP-IC54V12" name="javaprograms.Programs_Series2" tests="11" failures="0" timestamp="2022-04-23T21:07:07 CDT" time="0.000" errors="0">
  <testcase name="ReverseEachWordTest" time="0.000" classname="javaprograms.Programs_Series2"/>
  <testcase name="ReverseStringTest" classname="javaprograms.Programs_Series2">
    <skipped/>
  </testcase> <!-- ReverseStringTest -->
  <testcase name="printHelloWorldWithoutUsingSemicolon" classname="javaprograms.Programs_Series2">
    <skipped/>
  </testcase> <!-- printHelloWorldWithoutUsingSemicolon -->
  <testcase name="removejunkOrSpecialCharacter" classname="javaprograms.Programs_Series2">
    <skipped/>
  </testcase> <!-- removejunkOrSpecialCharacter -->
  <testcase name="printNumbersWithoutUsingNumbersInCode" classname="javaprograms.Programs_Series2">
    <skipped/>
  </testcase> <!-- printNumbersWithoutUsingNumbersInCode -->
  <testcase name="AnagramTest" classname="javaprograms.Programs_Series2">
    <skipped/>
  </testcase> <!-- AnagramTest -->
  <testcase name="PalindromeStringTest" classname="javaprograms.Programs_Series2">
    <skipped/>
  </testcase> <!-- PalindromeStringTest -->
  <testcase name="countEachCharactersInString" classname="javaprograms.Programs_Series2">
    <skipped/>
  </testcase> <!-- countEachCharactersInString -->
  <testcase name="stringManupulation" classname="javaprograms.Programs_Series2">
    <skipped/>
  </testcase> <!-- stringManupulation -->
  <testcase name="printNumbersWithoutUsingLoops_Recursion_StreamAndLambda" classname="javaprograms.Programs_Series2">
    <skipped/>
  </testcase> <!-- printNumbersWithoutUsingLoops_Recursion_StreamAndLambda -->
  <testcase name="swapTwoStringWithouttempVariable" classname="javaprograms.Programs_Series2">
    <skipped/>
  </testcase> <!-- swapTwoStringWithouttempVariable -->
</testsuite> <!-- javaprograms.Programs_Series2 -->
