<?xml version="1.0" encoding="UTF-8"?>
<!-- Generated by org.testng.reporters.JUnitReportReporter -->
<testsuite skipped="15" hostname="DESKTOP-IC54V12" name="javaprograms.Programs_Streams_Series1_Basics_Java8Feature" tests="16" failures="0" timestamp="2022-04-26T13:45:21 CDT" time="0.016" errors="0">
  <testcase name="removeNullFromList" time="0.016" classname="javaprograms.Programs_Streams_Series1_Basics_Java8Feature"/>
  <testcase name="squareNumbersFilterAndCalculateAverage" classname="javaprograms.Programs_Streams_Series1_Basics_Java8Feature">
    <skipped/>
  </testcase> <!-- squareNumbersFilterAndCalculateAverage -->
  <testcase name="findStringhavingLengthLessThan6" classname="javaprograms.Programs_Streams_Series1_Basics_Java8Feature">
    <skipped/>
  </testcase> <!-- findStringhavingLengthLessThan6 -->
  <testcase name="forEachToIterateHashMap" classname="javaprograms.Programs_Streams_Series1_Basics_Java8Feature">
    <skipped/>
  </testcase> <!-- forEachToIterateHashMap -->
  <testcase name="findSquareofEachElement_map" classname="javaprograms.Programs_Streams_Series1_Basics_Java8Feature">
    <skipped/>
  </testcase> <!-- findSquareofEachElement_map -->
  <testcase name="forEachToIterateListAndStream" classname="javaprograms.Programs_Streams_Series1_Basics_Java8Feature">
    <skipped/>
  </testcase> <!-- forEachToIterateListAndStream -->
  <testcase name="streamWithArrays" classname="javaprograms.Programs_Streams_Series1_Basics_Java8Feature">
    <skipped/>
  </testcase> <!-- streamWithArrays -->
  <testcase name="findEvenAndOddNumbers_filter_collect_forEachToIterateList" classname="javaprograms.Programs_Streams_Series1_Basics_Java8Feature">
    <skipped/>
  </testcase> <!-- findEvenAndOddNumbers_filter_collect_forEachToIterateList -->
  <testcase name="averageOfNumbers" classname="javaprograms.Programs_Streams_Series1_Basics_Java8Feature">
    <skipped/>
  </testcase> <!-- averageOfNumbers -->
  <testcase name="NumbersStartsWith" classname="javaprograms.Programs_Streams_Series1_Basics_Java8Feature">
    <skipped/>
  </testcase> <!-- NumbersStartsWith -->
  <testcase name="averageOfNumbersInArray" classname="javaprograms.Programs_Streams_Series1_Basics_Java8Feature">
    <skipped/>
  </testcase> <!-- averageOfNumbersInArray -->
  <testcase name="forEachOrderedExample" classname="javaprograms.Programs_Streams_Series1_Basics_Java8Feature">
    <skipped/>
  </testcase> <!-- forEachOrderedExample -->
  <testcase name="findString_multipleconditionUsingFilter" classname="javaprograms.Programs_Streams_Series1_Basics_Java8Feature">
    <skipped/>
  </testcase> <!-- findString_multipleconditionUsingFilter -->
  <testcase name="sumOfNumbers" classname="javaprograms.Programs_Streams_Series1_Basics_Java8Feature">
    <skipped/>
  </testcase> <!-- sumOfNumbers -->
  <testcase name="countOfWordFromCapitalizedString" classname="javaprograms.Programs_Streams_Series1_Basics_Java8Feature">
    <skipped/>
  </testcase> <!-- countOfWordFromCapitalizedString -->
  <testcase name="findCountOfStringhavingLengthLessThan6_filter_collect_count" classname="javaprograms.Programs_Streams_Series1_Basics_Java8Feature">
    <skipped/>
  </testcase> <!-- findCountOfStringhavingLengthLessThan6_filter_collect_count -->
</testsuite> <!-- javaprograms.Programs_Streams_Series1_Basics_Java8Feature -->
