<?xml version="1.0" encoding="UTF-8"?>
<!-- Generated by org.testng.reporters.JUnitReportReporter -->
<testsuite skipped="1" hostname="DESKTOP-IC54V12" name="javaprograms.Programs_ParallelSort_Java8Feature" tests="2" failures="0" timestamp="2022-04-26T02:46:35 CDT" time="0.020" errors="0">
  <testcase name="streamWithArrays_SpecifyStartAndEndIndex" time="0.020" classname="javaprograms.Programs_ParallelSort_Java8Feature"/>
  <testcase name="streamWithArrays_Ascending" classname="javaprograms.Programs_ParallelSort_Java8Feature">
    <skipped/>
  </testcase> <!-- streamWithArrays_Ascending -->
</testsuite> <!-- javaprograms.Programs_ParallelSort_Java8Feature -->
