<?xml version="1.0" encoding="UTF-8"?>
<!-- Generated by org.testng.reporters.JUnitReportReporter -->
<testsuite skipped="18" hostname="DESKTOP-IC54V12" name="javaprograms.Programs" tests="19" failures="0" timestamp="2022-01-16T14:26:23 CST" time="0.016" errors="0">
  <testcase name="convertChartoString" time="0.016" classname="javaprograms.Programs"/>
  <testcase name="Factorial" classname="javaprograms.Programs">
    <skipped/>
  </testcase> <!-- Factorial -->
  <testcase name="checkLeapYear" classname="javaprograms.Programs">
    <skipped/>
  </testcase> <!-- checkLeapYear -->
  <testcase name="printPrimeNumbers_1stN" classname="javaprograms.Programs">
    <skipped/>
  </testcase> <!-- printPrimeNumbers_1stN -->
  <testcase name="LinearSearch" classname="javaprograms.Programs">
    <skipped/>
  </testcase> <!-- LinearSearch -->
  <testcase name="Palindrome_UsingRecursionMethod" classname="javaprograms.Programs">
    <skipped/>
  </testcase> <!-- Palindrome_UsingRecursionMethod -->
  <testcase name="findLargestAndSmallest" classname="javaprograms.Programs">
    <skipped/>
  </testcase> <!-- findLargestAndSmallest -->
  <testcase name="convertStringToCharArray" classname="javaprograms.Programs">
    <skipped/>
  </testcase> <!-- convertStringToCharArray -->
  <testcase name="findDuplicateCharacterInString" classname="javaprograms.Programs">
    <skipped/>
  </testcase> <!-- findDuplicateCharacterInString -->
  <testcase name="swapWithoutTempVariable" classname="javaprograms.Programs">
    <skipped/>
  </testcase> <!-- swapWithoutTempVariable -->
  <testcase name="ReverseNumber" classname="javaprograms.Programs">
    <skipped/>
  </testcase> <!-- ReverseNumber -->
  <testcase name="FibonacciSeries" classname="javaprograms.Programs">
    <skipped/>
  </testcase> <!-- FibonacciSeries -->
  <testcase name="findFrequencyofAllCharactersInString" classname="javaprograms.Programs">
    <skipped/>
  </testcase> <!-- findFrequencyofAllCharactersInString -->
  <testcase name="LinearSearch2" classname="javaprograms.Programs">
    <skipped/>
  </testcase> <!-- LinearSearch2 -->
  <testcase name="printPrimeNumbers" classname="javaprograms.Programs">
    <skipped/>
  </testcase> <!-- printPrimeNumbers -->
  <testcase name="checkPrimeNumber" classname="javaprograms.Programs">
    <skipped/>
  </testcase> <!-- checkPrimeNumber -->
  <testcase name="reverseStringAndComparewithOriginal_Palindrome" classname="javaprograms.Programs">
    <skipped/>
  </testcase> <!-- reverseStringAndComparewithOriginal_Palindrome -->
  <testcase name="PalindromeString" classname="javaprograms.Programs">
    <skipped/>
  </testcase> <!-- PalindromeString -->
  <testcase name="ReverseString" classname="javaprograms.Programs">
    <skipped/>
  </testcase> <!-- ReverseString -->
</testsuite> <!-- javaprograms.Programs -->
