<?xml version="1.0" encoding="UTF-8"?>
<!-- Generated by org.testng.reporters.JUnitReportReporter -->
<testsuite skipped="11" hostname="DESKTOP-IC54V12" name="streams_java8Feature.Programs_Streams_Series2" tests="12" failures="0" timestamp="2022-04-28T12:51:51 CDT" time="0.015" errors="0">
  <testcase name="findMaxAndMinNumber" time="0.015" classname="streams_java8Feature.Programs_Streams_Series2"/>
  <testcase name="findFirst2LowestNumbsres" classname="streams_java8Feature.Programs_Streams_Series2">
    <skipped/>
  </testcase> <!-- findFirst2LowestNumbsres -->
  <testcase name="concatenatingTwoStreamsArrayList" classname="streams_java8Feature.Programs_Streams_Series2">
    <skipped/>
  </testcase> <!-- concatenatingTwoStreamsArrayList -->
  <testcase name="find2ndHighest" classname="streams_java8Feature.Programs_Streams_Series2">
    <skipped/>
  </testcase> <!-- find2ndHighest -->
  <testcase name="findUniqueNumbers" classname="streams_java8Feature.Programs_Streams_Series2">
    <skipped/>
  </testcase> <!-- findUniqueNumbers -->
  <testcase name="sortNumbers_Ascending_Descending" classname="streams_java8Feature.Programs_Streams_Series2">
    <skipped/>
  </testcase> <!-- sortNumbers_Ascending_Descending -->
  <testcase name="limit_skip_example" classname="streams_java8Feature.Programs_Streams_Series2">
    <skipped/>
  </testcase> <!-- limit_skip_example -->
  <testcase name="findDuplicateNumbers" classname="streams_java8Feature.Programs_Streams_Series2">
    <skipped/>
  </testcase> <!-- findDuplicateNumbers -->
  <testcase name="findFirst2HighestNumbsres" classname="streams_java8Feature.Programs_Streams_Series2">
    <skipped/>
  </testcase> <!-- findFirst2HighestNumbsres -->
  <testcase name="find2ndLowest" classname="streams_java8Feature.Programs_Streams_Series2">
    <skipped/>
  </testcase> <!-- find2ndLowest -->
  <testcase name="getDistinctElements_removeDuplicates" classname="streams_java8Feature.Programs_Streams_Series2">
    <skipped/>
  </testcase> <!-- getDistinctElements_removeDuplicates -->
  <testcase name="joinTwoArray_convertToArray_convertToList" classname="streams_java8Feature.Programs_Streams_Series2">
    <skipped/>
  </testcase> <!-- joinTwoArray_convertToArray_convertToList -->
</testsuite> <!-- streams_java8Feature.Programs_Streams_Series2 -->
