<?xml version="1.0" encoding="UTF-8"?>
<!-- Generated by org.testng.reporters.JUnitReportReporter -->
<testsuite skipped="1" hostname="DESKTOP-IC54V12" name="streams_java8Feature.Programs_Streams_Series3" tests="2" failures="0" timestamp="2022-04-28T13:39:55 CDT" time="0.012" errors="0">
  <testcase name="customerList_GetOnlyName" time="0.012" classname="streams_java8Feature.Programs_Streams_Series3"/>
  <testcase name="customerList_findAny_orElse" classname="streams_java8Feature.Programs_Streams_Series3">
    <skipped/>
  </testcase> <!-- customerList_findAny_orElse -->
</testsuite> <!-- streams_java8Feature.Programs_Streams_Series3 -->
