<?xml version="1.0" encoding="UTF-8"?>
<!-- Generated by org.testng.reporters.JUnitReportReporter -->
<testsuite skipped="16" hostname="DESKTOP-IC54V12" name="basicprograms.Programs" tests="17" failures="0" timestamp="2022-01-16T13:02:29 CST" time="0.015" errors="0">
  <testcase name="findFrequencyofAllCharactersInString" time="0.015" classname="basicprograms.Programs"/>
  <testcase name="reverseStringAndComparewithOriginal_Palindrome" classname="basicprograms.Programs">
    <skipped/>
  </testcase> <!-- reverseStringAndComparewithOriginal_Palindrome -->
  <testcase name="checkPrimeNumber" classname="basicprograms.Programs">
    <skipped/>
  </testcase> <!-- checkPrimeNumber -->
  <testcase name="PalindromeString" classname="basicprograms.Programs">
    <skipped/>
  </testcase> <!-- PalindromeString -->
  <testcase name="ReverseNumber" classname="basicprograms.Programs">
    <skipped/>
  </testcase> <!-- ReverseNumber -->
  <testcase name="findLargestAndSmallest" classname="basicprograms.Programs">
    <skipped/>
  </testcase> <!-- findLargestAndSmallest -->
  <testcase name="LinearSearch2" classname="basicprograms.Programs">
    <skipped/>
  </testcase> <!-- LinearSearch2 -->
  <testcase name="printPrimeNumbers" classname="basicprograms.Programs">
    <skipped/>
  </testcase> <!-- printPrimeNumbers -->
  <testcase name="printPrimeNumbers_1stN" classname="basicprograms.Programs">
    <skipped/>
  </testcase> <!-- printPrimeNumbers_1stN -->
  <testcase name="FibonacciSeries" classname="basicprograms.Programs">
    <skipped/>
  </testcase> <!-- FibonacciSeries -->
  <testcase name="swapWithoutTempVariable" classname="basicprograms.Programs">
    <skipped/>
  </testcase> <!-- swapWithoutTempVariable -->
  <testcase name="findDuplicateCharacterInString" classname="basicprograms.Programs">
    <skipped/>
  </testcase> <!-- findDuplicateCharacterInString -->
  <testcase name="Palindrome_UsingRecursionMethod" classname="basicprograms.Programs">
    <skipped/>
  </testcase> <!-- Palindrome_UsingRecursionMethod -->
  <testcase name="LinearSearch" classname="basicprograms.Programs">
    <skipped/>
  </testcase> <!-- LinearSearch -->
  <testcase name="checkLeapYear" classname="basicprograms.Programs">
    <skipped/>
  </testcase> <!-- checkLeapYear -->
  <testcase name="ReverseString" classname="basicprograms.Programs">
    <skipped/>
  </testcase> <!-- ReverseString -->
  <testcase name="Factorial" classname="basicprograms.Programs">
    <skipped/>
  </testcase> <!-- Factorial -->
</testsuite> <!-- basicprograms.Programs -->
