<?xml version="1.0" encoding="UTF-8"?>
<!-- Generated by org.testng.reporters.JUnitReportReporter -->
<testsuite skipped="9" hostname="DESKTOP-IC54V12" name="javaprograms.Programs_Series1" tests="10" failures="0" timestamp="2022-07-06T23:04:15 CDT" time="0.017" errors="0">
  <testcase name="ReverseNumberTest" time="0.017" classname="javaprograms.Programs_Series1"/>
  <testcase name="ArmstrongNumberTest" classname="javaprograms.Programs_Series1">
    <skipped/>
  </testcase> <!-- ArmstrongNumberTest -->
  <testcase name="swapWithoutTempVariable" classname="javaprograms.Programs_Series1">
    <skipped/>
  </testcase> <!-- swapWithoutTempVariable -->
  <testcase name="checkLeapYear" classname="javaprograms.Programs_Series1">
    <skipped/>
  </testcase> <!-- checkLeapYear -->
  <testcase name="FibonacciSeriesTest" classname="javaprograms.Programs_Series1">
    <skipped/>
  </testcase> <!-- FibonacciSeriesTest -->
  <testcase name="PrimeNumberTest" classname="javaprograms.Programs_Series1">
    <skipped/>
  </testcase> <!-- PrimeNumberTest -->
  <testcase name="convertNumberIntoDigit" classname="javaprograms.Programs_Series1">
    <skipped/>
  </testcase> <!-- convertNumberIntoDigit -->
  <testcase name="FactorialTest" classname="javaprograms.Programs_Series1">
    <skipped/>
  </testcase> <!-- FactorialTest -->
  <testcase name="StringOnlyDigitTest" classname="javaprograms.Programs_Series1">
    <skipped/>
  </testcase> <!-- StringOnlyDigitTest -->
  <testcase name="PalindromeNumberTest" classname="javaprograms.Programs_Series1">
    <skipped/>
  </testcase> <!-- PalindromeNumberTest -->
</testsuite> <!-- javaprograms.Programs_Series1 -->
