<?xml version="1.0" encoding="UTF-8"?>
<!-- Generated by org.testng.reporters.JUnitReportReporter -->
<testsuite skipped="8" hostname="DESKTOP-IC54V12" name="javaprograms.Programs_Streams_Series1_Basics" tests="9" failures="0" timestamp="2022-04-26T02:41:08 CDT" time="0.016" errors="0">
  <testcase name="streamWithArrays" time="0.016" classname="javaprograms.Programs_Streams_Series1_Basics"/>
  <testcase name="forEachToIterateListAndStream" classname="javaprograms.Programs_Streams_Series1_Basics">
    <skipped/>
  </testcase> <!-- forEachToIterateListAndStream -->
  <testcase name="forEachToIterateHashMap" classname="javaprograms.Programs_Streams_Series1_Basics">
    <skipped/>
  </testcase> <!-- forEachToIterateHashMap -->
  <testcase name="findCountOfStringhavingLengthLessThan6_filter_collect_count" classname="javaprograms.Programs_Streams_Series1_Basics">
    <skipped/>
  </testcase> <!-- findCountOfStringhavingLengthLessThan6_filter_collect_count -->
  <testcase name="findEvenAndOddNumbers_filter_collect_forEachToIterateList" classname="javaprograms.Programs_Streams_Series1_Basics">
    <skipped/>
  </testcase> <!-- findEvenAndOddNumbers_filter_collect_forEachToIterateList -->
  <testcase name="findString_multipleconditionUsingFilter" classname="javaprograms.Programs_Streams_Series1_Basics">
    <skipped/>
  </testcase> <!-- findString_multipleconditionUsingFilter -->
  <testcase name="forEachOrderedExample" classname="javaprograms.Programs_Streams_Series1_Basics">
    <skipped/>
  </testcase> <!-- forEachOrderedExample -->
  <testcase name="findSquareofEachElement_map" classname="javaprograms.Programs_Streams_Series1_Basics">
    <skipped/>
  </testcase> <!-- findSquareofEachElement_map -->
  <testcase name="findStringhavingLengthLessThan6" classname="javaprograms.Programs_Streams_Series1_Basics">
    <skipped/>
  </testcase> <!-- findStringhavingLengthLessThan6 -->
</testsuite> <!-- javaprograms.Programs_Streams_Series1_Basics -->
