<?xml version="1.0" encoding="UTF-8"?>
<!-- Generated by org.testng.reporters.JUnitReportReporter -->
<testsuite skipped="22" hostname="DESKTOP-IC54V12" name="javaprograms.Programs_Collections" tests="23" failures="0" timestamp="2022-04-25T19:38:20 CDT" time="0.016" errors="0">
  <testcase name="countOfAllDigitTest" time="0.016" classname="javaprograms.Programs_Collections"/>
  <testcase name="compareTwoListAndFindCommonInbothList" classname="javaprograms.Programs_Collections">
    <skipped/>
  </testcase> <!-- compareTwoListAndFindCommonInbothList -->
  <testcase name="removeDuplicateWordTest" classname="javaprograms.Programs_Collections">
    <skipped/>
  </testcase> <!-- removeDuplicateWordTest -->
  <testcase name="HashMap_Basic_Iterate_keyset_entryset_Lambda" classname="javaprograms.Programs_Collections">
    <skipped/>
  </testcase> <!-- HashMap_Basic_Iterate_keyset_entryset_Lambda -->
  <testcase name="UniqueWordsElementTest" classname="javaprograms.Programs_Collections">
    <skipped/>
  </testcase> <!-- UniqueWordsElementTest -->
  <testcase name="countEachCharactersInString_countDuplicate_countUnique_HashMap" classname="javaprograms.Programs_Collections">
    <skipped/>
  </testcase> <!-- countEachCharactersInString_countDuplicate_countUnique_HashMap -->
  <testcase name="UniqueCharactersTest" classname="javaprograms.Programs_Collections">
    <skipped/>
  </testcase> <!-- UniqueCharactersTest -->
  <testcase name="compareTwoListAndFindAdditionalInList1" classname="javaprograms.Programs_Collections">
    <skipped/>
  </testcase> <!-- compareTwoListAndFindAdditionalInList1 -->
  <testcase name="DuplicateCharactersTest" classname="javaprograms.Programs_Collections">
    <skipped/>
  </testcase> <!-- DuplicateCharactersTest -->
  <testcase name="ArrayList_Basic_Iterate_MutlipleWays" classname="javaprograms.Programs_Collections">
    <skipped/>
  </testcase> <!-- ArrayList_Basic_Iterate_MutlipleWays -->
  <testcase name="duplicateWordsElementTest" classname="javaprograms.Programs_Collections">
    <skipped/>
  </testcase> <!-- duplicateWordsElementTest -->
  <testcase name="compareTwoListAndFindMissingInList1" classname="javaprograms.Programs_Collections">
    <skipped/>
  </testcase> <!-- compareTwoListAndFindMissingInList1 -->
  <testcase name="sort_ArrayList_Ascending_Descending" classname="javaprograms.Programs_Collections">
    <skipped/>
  </testcase> <!-- sort_ArrayList_Ascending_Descending -->
  <testcase name="findWordHavingHighestCountTest" classname="javaprograms.Programs_Collections">
    <skipped/>
  </testcase> <!-- findWordHavingHighestCountTest -->
  <testcase name="removeEvenNumbersFromList_ArrayList_Lambda" classname="javaprograms.Programs_Collections">
    <skipped/>
  </testcase> <!-- removeEvenNumbersFromList_ArrayList_Lambda -->
  <testcase name="convertHashMapToArrayList" classname="javaprograms.Programs_Collections">
    <skipped/>
  </testcase> <!-- convertHashMapToArrayList -->
  <testcase name="AllCharactersTest" classname="javaprograms.Programs_Collections">
    <skipped/>
  </testcase> <!-- AllCharactersTest -->
  <testcase name="convertArrayToArrayList_ArryListToArray_ArraysasList_addAll_Stream" classname="javaprograms.Programs_Collections">
    <skipped/>
  </testcase> <!-- convertArrayToArrayList_ArryListToArray_ArraysasList_addAll_Stream -->
  <testcase name="compareHashMap" classname="javaprograms.Programs_Collections">
    <skipped/>
  </testcase> <!-- compareHashMap -->
  <testcase name="countAllWordsElementTest" classname="javaprograms.Programs_Collections">
    <skipped/>
  </testcase> <!-- countAllWordsElementTest -->
  <testcase name="removeDuplicatesFromArray_HashSet_Arraylist_Streams" classname="javaprograms.Programs_Collections">
    <skipped/>
  </testcase> <!-- removeDuplicatesFromArray_HashSet_Arraylist_Streams -->
  <testcase name="sublist_clone_ArrayList" classname="javaprograms.Programs_Collections">
    <skipped/>
  </testcase> <!-- sublist_clone_ArrayList -->
  <testcase name="compareArrayList" classname="javaprograms.Programs_Collections">
    <skipped/>
  </testcase> <!-- compareArrayList -->
</testsuite> <!-- javaprograms.Programs_Collections -->
