<?xml version="1.0" encoding="UTF-8"?>
<!-- Generated by org.testng.reporters.JUnitReportReporter -->
<testsuite skipped="3" hostname="DESKTOP-IC54V12" name="javaprograms.Programs_StarPatterns" tests="5" failures="0" timestamp="2022-04-23T21:31:29 CDT" time="0.010" errors="0">
  <testcase name="pattern4" time="0.008" classname="javaprograms.Programs_StarPatterns"/>
  <testcase name="pattern5" time="0.002" classname="javaprograms.Programs_StarPatterns"/>
  <testcase name="pattern3" classname="javaprograms.Programs_StarPatterns">
    <skipped/>
  </testcase> <!-- pattern3 -->
  <testcase name="pattern1" classname="javaprograms.Programs_StarPatterns">
    <skipped/>
  </testcase> <!-- pattern1 -->
  <testcase name="pattern2" classname="javaprograms.Programs_StarPatterns">
    <skipped/>
  </testcase> <!-- pattern2 -->
</testsuite> <!-- javaprograms.Programs_StarPatterns -->
