<?xml version="1.0" encoding="UTF-8"?>
<!-- Generated by org.testng.reporters.JUnitReportReporter -->
<testsuite skipped="17" hostname="DESKTOP-IC54V12" name="streams_java8Feature.Programs_Streams_Series1" tests="18" failures="0" timestamp="2022-07-10T15:32:15 CDT" time="0.000" errors="0">
  <testcase name="NumbersStartsWith" time="0.000" classname="streams_java8Feature.Programs_Streams_Series1"/>
  <testcase name="forEachToIterateHashMap" classname="streams_java8Feature.Programs_Streams_Series1">
    <skipped/>
  </testcase> <!-- forEachToIterateHashMap -->
  <testcase name="countOfNumbers_mapToInt" classname="streams_java8Feature.Programs_Streams_Series1">
    <skipped/>
  </testcase> <!-- countOfNumbers_mapToInt -->
  <testcase name="forEachOrderedExample" classname="streams_java8Feature.Programs_Streams_Series1">
    <skipped/>
  </testcase> <!-- forEachOrderedExample -->
  <testcase name="squareNumbersFilterAndCalculateAverage" classname="streams_java8Feature.Programs_Streams_Series1">
    <skipped/>
  </testcase> <!-- squareNumbersFilterAndCalculateAverage -->
  <testcase name="findString_multipleconditionUsingFilter" classname="streams_java8Feature.Programs_Streams_Series1">
    <skipped/>
  </testcase> <!-- findString_multipleconditionUsingFilter -->
  <testcase name="averageOfNumbersInArray" classname="streams_java8Feature.Programs_Streams_Series1">
    <skipped/>
  </testcase> <!-- averageOfNumbersInArray -->
  <testcase name="sumOfNumbers_mapToInt" classname="streams_java8Feature.Programs_Streams_Series1">
    <skipped/>
  </testcase> <!-- sumOfNumbers_mapToInt -->
  <testcase name="findEvenAndOddNumbers_filter_collect_forEachToIterateList" classname="streams_java8Feature.Programs_Streams_Series1">
    <skipped/>
  </testcase> <!-- findEvenAndOddNumbers_filter_collect_forEachToIterateList -->
  <testcase name="streamWithArrays" classname="streams_java8Feature.Programs_Streams_Series1">
    <skipped/>
  </testcase> <!-- streamWithArrays -->
  <testcase name="forEachToIterateListAndStream" classname="streams_java8Feature.Programs_Streams_Series1">
    <skipped/>
  </testcase> <!-- forEachToIterateListAndStream -->
  <testcase name="sumOfNumbers_reduce" classname="streams_java8Feature.Programs_Streams_Series1">
    <skipped/>
  </testcase> <!-- sumOfNumbers_reduce -->
  <testcase name="findStringhavingLengthLessThan6" classname="streams_java8Feature.Programs_Streams_Series1">
    <skipped/>
  </testcase> <!-- findStringhavingLengthLessThan6 -->
  <testcase name="averageOfNumbers_mapToInt" classname="streams_java8Feature.Programs_Streams_Series1">
    <skipped/>
  </testcase> <!-- averageOfNumbers_mapToInt -->
  <testcase name="countOfWordFromCapitalizedString" classname="streams_java8Feature.Programs_Streams_Series1">
    <skipped/>
  </testcase> <!-- countOfWordFromCapitalizedString -->
  <testcase name="findSquareofEachElement_map" classname="streams_java8Feature.Programs_Streams_Series1">
    <skipped/>
  </testcase> <!-- findSquareofEachElement_map -->
  <testcase name="removeNullFromList" classname="streams_java8Feature.Programs_Streams_Series1">
    <skipped/>
  </testcase> <!-- removeNullFromList -->
  <testcase name="findCountOfStringhavingLengthLessThan6_filter_collect_count" classname="streams_java8Feature.Programs_Streams_Series1">
    <skipped/>
  </testcase> <!-- findCountOfStringhavingLengthLessThan6_filter_collect_count -->
</testsuite> <!-- streams_java8Feature.Programs_Streams_Series1 -->
